timestamp: 2013-08-08T18:20:50.635092
CREATE TABLE auth_user(
    id INTEGER PRIMARY KEY AUTOINCREMENT,
    first_name CHAR(128),
    last_name CHAR(128),
    email CHAR(512),
    password CHAR(512),
    registration_key CHAR(512),
    reset_password_key CHAR(512),
    registration_id CHAR(512)
);
success!
timestamp: 2013-08-08T18:20:51.720167
CREATE TABLE auth_group(
    id INTEGER PRIMARY KEY AUTOINCREMENT,
    role CHAR(512),
    description TEXT
);
success!
timestamp: 2013-08-08T18:20:52.732747
CREATE TABLE auth_membership(
    id INTEGER PRIMARY KEY AUTOINCREMENT,
    user_id INTEGER REFERENCES auth_user (id) ON DELETE CASCADE,
    group_id INTEGER REFERENCES auth_group (id) ON DELETE CASCADE
);
success!
timestamp: 2013-08-08T18:20:52.803196
CREATE TABLE auth_permission(
    id INTEGER PRIMARY KEY AUTOINCREMENT,
    group_id INTEGER REFERENCES auth_group (id) ON DELETE CASCADE,
    name CHAR(512),
    table_name CHAR(512),
    record_id INTEGER
);
success!
timestamp: 2013-08-08T18:20:52.876713
CREATE TABLE auth_event(
    id INTEGER PRIMARY KEY AUTOINCREMENT,
    time_stamp TIMESTAMP,
    client_ip CHAR(512),
    user_id INTEGER REFERENCES auth_user (id) ON DELETE CASCADE,
    origin CHAR(512),
    description TEXT
);
success!
timestamp: 2013-08-08T18:20:52.950084
CREATE TABLE auth_cas(
    id INTEGER PRIMARY KEY AUTOINCREMENT,
    user_id INTEGER REFERENCES auth_user (id) ON DELETE CASCADE,
    created_on TIMESTAMP,
    service CHAR(512),
    ticket CHAR(512),
    renew CHAR(1)
);
success!
timestamp: 2013-08-11T20:56:11.075672
CREATE TABLE tempset(
    id INTEGER PRIMARY KEY AUTOINCREMENT,
    tempset CHAR(512)
);
success!
timestamp: 2013-08-11T20:56:11.189232
CREATE TABLE tempset1(
    id INTEGER PRIMARY KEY AUTOINCREMENT,
    tempset1 CHAR(512)
);
success!
timestamp: 2013-08-11T21:25:04.238603
CREATE TABLE tempset(
    id INTEGER PRIMARY KEY AUTOINCREMENT,
    tempset CHAR(512)
);
success!
timestamp: 2013-08-11T21:25:04.332519
CREATE TABLE tempset1(
    id INTEGER PRIMARY KEY AUTOINCREMENT,
    tempset1 CHAR(512)
);
success!
timestamp: 2013-08-11T21:31:34.276724
CREATE TABLE Tank Temperature(
    id INTEGER PRIMARY KEY AUTOINCREMENT,
    tempset CHAR(512)
);
timestamp: 2013-08-11T21:39:05.088275
ALTER TABLE tempset ADD tank_temperature CHAR(512);
timestamp: 2013-08-11T21:39:05.252180
ALTER TABLE tempset1 ADD light_temperature CHAR(512);
timestamp: 2013-08-12T17:13:10.574181
CREATE TABLE waterset(
    id INTEGER PRIMARY KEY AUTOINCREMENT,
    Water_Temperature CHAR(512)
);
success!
timestamp: 2013-08-12T19:10:21.547390
CREATE TABLE wtemp(
    id INTEGER PRIMARY KEY AUTOINCREMENT,
    wtemp CHAR(512)
);
success!
timestamp: 2013-08-20T20:21:04.278318
CREATE TABLE heat(
    id INTEGER PRIMARY KEY AUTOINCREMENT,
    heat CHAR(512)
);
success!
