[2013-08-08 18:57:42] START
[2013-08-08 18:57:42] CREATE ttemp.py: 0
[2013-08-08 18:59:05] EDIT Tank/models/ttemp.py: 8
[2013-08-08 19:02:39] DELETE Tank/models/ttemp.py: -8
[2013-08-08 19:10:32] CREATE ttemp.py: 0
[2013-08-08 19:11:36] EDIT Tank/controllers/ttemp.py: 7
[2013-08-08 19:14:09] EDIT Tank/views/default/index.html: 1
[2013-08-08 19:14:31] EDIT Tank/views/default/index.html: 0
[2013-08-08 19:14:51] EDIT Tank/views/default/index.html: 0
[2013-08-08 19:27:51] EDIT Tank/views/default/index.html: 0
[2013-08-08 19:30:55] EDIT Tank/views/default/index.html: 0
[2013-08-08 19:31:03] EDIT Tank/views/default/index.html: 0
[2013-08-08 19:32:30] EDIT Tank/views/default/index.html: 0
[2013-08-08 19:32:55] EDIT Tank/views/default/index.html: 0
[2013-08-08 19:33:17] EDIT Tank/views/default/index.html: 0
[2013-08-08 19:36:02] EDIT Tank/controllers/ttemp.py: -1
[2013-08-08 19:49:10] CREATE py.py: 0
[2013-08-08 19:49:54] DELETE Tank/modules/py.py: -1
[2013-08-08 19:57:49] EDIT Tank/controllers/ttemp.py: -1
[2013-08-08 20:06:30] EDIT Tank/views/default/index.html: 0
[2013-08-08 20:06:53] EDIT Tank/views/default/index.html: 0
[2013-08-08 20:10:28] EDIT Tank/controllers/ttemp.py: 1
[2013-08-08 20:11:39] EDIT Tank/controllers/ttemp.py: 8
[2013-08-08 20:13:29] EDIT Tank/controllers/ttemp.py: 0
[2013-08-08 20:18:31] EDIT Tank/controllers/ttemp.py: 0
[2013-08-08 20:21:14] EDIT Tank/controllers/ttemp.py: 8
[2013-08-08 20:22:16] EDIT Tank/views/default/index.html: 0
[2013-08-08 20:26:07] EDIT Tank/views/default/index.html: 0
[2013-08-08 20:26:47] EDIT Tank/views/default/index.html: 0
[2013-08-08 20:29:10] EDIT Tank/controllers/ttemp.py: 0
[2013-08-08 20:29:28] EDIT Tank/views/default/index.html: 0
[2013-08-08 20:31:30] EDIT Tank/views/default/index.html: 0
[2013-08-08 20:34:54] EDIT Tank/views/default/index.html: 0
[2013-08-08 20:36:02] EDIT Tank/views/default/index.html: 0
[2013-08-08 20:37:01] EDIT Tank/controllers/ttemp.py: 0
[2013-08-08 20:42:37] EDIT Tank/controllers/ttemp.py: -2
[2013-08-08 20:43:04] EDIT Tank/controllers/ttemp.py: 0
[2013-08-08 20:44:17] EDIT Tank/controllers/ttemp.py: 0
[2013-08-08 20:44:37] EDIT Tank/controllers/ttemp.py: 0
[2013-08-08 20:45:55] EDIT Tank/controllers/ttemp.py: -14
[2013-08-08 20:46:47] EDIT Tank/controllers/default.py: 16
[2013-08-08 20:47:15] EDIT Tank/views/default/index.html: 0
[2013-08-08 20:48:46] EDIT Tank/controllers/default.py: 0
[2013-08-08 20:49:33] EDIT Tank/controllers/default.py: -16
[2013-08-08 20:49:34] EDIT Tank/controllers/default.py: 0
[2013-08-08 20:50:20] CREATE index.py: 0
[2013-08-08 20:50:55] EDIT Tank/controllers/index.py: 15
[2013-08-08 20:55:49] EDIT Tank/controllers/default.py: 16
[2013-08-08 20:56:30] DELETE Tank/controllers/index.py: -16
[2013-08-08 20:57:11] CREATE default/temp.load: 0
[2013-08-08 21:01:20] EDIT Tank/views/default/index.html: 0
[2013-08-08 21:01:59] EDIT Tank/views/default/index.html: 0
[2013-08-08 21:03:06] EDIT Tank/views/default/temp.load: -19
[2013-08-08 21:03:46] EDIT Tank/views/default/index.html: 0
[2013-08-08 21:04:22] EDIT Tank/views/default/index.html: 0
[2013-08-08 21:05:43] EDIT Tank/controllers/default.py: 0
[2013-08-08 21:06:25] EDIT Tank/controllers/default.py: 0
[2013-08-08 21:07:13] EDIT Tank/views/default/temp.load: 0
[2013-08-08 21:09:07] EDIT Tank/controllers/default.py: 0
[2013-08-08 21:09:36] EDIT Tank/views/default/temp.load: 0
[2013-08-08 21:10:14] EDIT Tank/views/default/temp.load: 0
[2013-08-08 21:11:48] DELETE Tank/controllers/ttemp.py: -7
[2013-08-08 21:13:42] EDIT Tank/views/default/index.html: 1
[2013-08-08 21:14:19] CREATE default/temp1.load: 0
[2013-08-08 21:15:00] EDIT Tank/views/default/temp1.load: -19
[2013-08-08 21:15:31] EDIT Tank/controllers/default.py: 2
[2013-08-08 21:16:13] EDIT Tank/views/default/index.html: 0
[2013-08-08 21:16:30] EDIT Tank/views/default/index.html: -1
[2013-08-08 21:29:52] EDIT Tank/views/default/index.html: 2
[2013-08-08 21:30:56] EDIT Tank/views/default/index.html: 8
[2013-08-08 21:33:00] EDIT Tank/views/default/index.html: 6
[2013-08-08 21:33:19] EDIT Tank/views/default/index.html: 0
[2013-08-08 21:34:49] EDIT Tank/views/default/index.html: 0
[2013-08-08 21:34:54] EDIT Tank/views/default/index.html: 0
[2013-08-08 21:35:15] EDIT Tank/views/default/index.html: 0
[2013-08-08 21:36:31] EDIT Tank/views/default/index.html: 2
[2013-08-08 21:36:56] EDIT Tank/views/default/index.html: 0
[2013-08-08 21:38:02] EDIT Tank/views/default/index.html: -2
[2013-08-08 21:38:37] EDIT Tank/views/default/index.html: -6
[2013-08-08 21:39:33] EDIT Tank/views/default/index.html: 0
[2013-08-08 21:40:41] EDIT Tank/views/default/index.html: 0
[2013-08-08 21:41:41] EDIT Tank/views/default/index.html: 2
[2013-08-08 21:43:32] EDIT Tank/views/default/index.html: 1
[2013-08-08 21:43:48] EDIT Tank/views/default/index.html: 0
[2013-08-08 21:44:03] EDIT Tank/views/default/index.html: 0
[2013-08-08 21:44:37] EDIT Tank/views/default/index.html: 0
[2013-08-08 21:45:58] EDIT Tank/views/default/index.html: 0
[2013-08-08 21:47:32] EDIT Tank/views/default/index.html: -9
[2013-08-08 21:47:52] EDIT Tank/views/default/index.html: 1
[2013-08-08 22:27:53] EDIT Tank/views/default/index.html: 11
[2013-08-08 22:28:35] EDIT Tank/views/default/index.html: 0
[2013-08-08 22:29:36] EDIT Tank/views/default/index.html: 2
[2013-08-08 22:30:53] EDIT Tank/views/default/index.html: -2
[2013-08-08 22:31:09] EDIT Tank/views/default/index.html: 0
[2013-08-08 22:32:53] EDIT Tank/views/default/index.html: 0
[2013-08-08 22:44:59] EDIT Tank/views/default/index.html: -1
[2013-08-08 22:45:40] EDIT Tank/views/default/index.html: 0
[2013-08-08 22:46:28] EDIT Tank/views/default/index.html: 0
[2013-08-08 22:47:14] EDIT Tank/views/default/index.html: 0
[2013-08-08 22:48:03] EDIT Tank/views/default/index.html: 0
[2013-08-08 22:48:34] EDIT Tank/views/default/index.html: 0
[2013-08-08 22:50:46] EDIT Tank/views/default/index.html: 7
[2013-08-08 22:51:21] EDIT Tank/views/default/index.html: 0
[2013-08-08 22:56:55] EDIT Tank/views/default/index.html: 0
[2013-08-08 22:57:56] EDIT Tank/controllers/default.py: 1
[2013-08-08 22:58:47] EDIT Tank/controllers/default.py: 2
[2013-08-08 22:59:45] EDIT Tank/controllers/default.py: 0
[2013-08-08 23:02:18] EDIT Tank/controllers/default.py: 0
[2013-08-08 23:02:47] EDIT Tank/controllers/default.py: -1
[2013-08-08 23:03:26] EDIT Tank/controllers/default.py: -1
[2013-08-08 23:03:45] EDIT Tank/controllers/default.py: 2
[2013-08-08 23:16:15] EDIT Tank/controllers/default.py: 0
[2013-08-08 23:17:04] EDIT Tank/controllers/default.py: 0
[2013-08-08 23:26:30] EDIT Tank/controllers/default.py: 0
[2013-08-08 23:28:43] EDIT Tank/controllers/default.py: 1
[2013-08-08 23:29:57] EDIT Tank/controllers/default.py: 0
[2013-08-08 23:30:43] EDIT Tank/controllers/default.py: 0
[2013-08-08 23:30:46] EDIT Tank/controllers/default.py: 0
[2013-08-08 23:30:48] EDIT Tank/controllers/default.py: 0
[2013-08-11 18:10:36] EDIT Tank/views/layout.html: 0
[2013-08-11 18:11:45] EDIT Tank/views/layout.html: 0
[2013-08-11 18:13:12] EDIT Tank/views/layout.html: 1
[2013-08-11 18:13:35] EDIT Tank/views/layout.html: -1
[2013-08-11 18:14:20] EDIT Tank/views/layout.html: -1
[2013-08-11 18:18:32] EDIT Tank/views/layout.html: 0
[2013-08-11 18:24:02] EDIT Tank/views/web2py_ajax.html: 2
[2013-08-11 18:24:39] CREATE sparkline.py: 0
[2013-08-11 18:25:26] EDIT Tank/controllers/sparkline.py: 25
[2013-08-11 18:26:17] EDIT Tank/views/default/index.html: 6
[2013-08-11 18:27:00] EDIT Tank/views/default/index.html: 13
[2013-08-11 18:27:05] EDIT Tank/views/default/index.html: 0
[2013-08-11 18:28:04] EDIT Tank/views/default/index.html: 7
[2013-08-11 18:29:52] EDIT Tank/controllers/default.py: 5
[2013-08-11 18:30:25] EDIT Tank/controllers/default.py: 18
[2013-08-11 18:32:23] DELETE Tank/controllers/sparkline.py: -26
[2013-08-11 18:35:31] EDIT Tank/views/default/index.html: -1
[2013-08-11 18:36:25] EDIT Tank/views/default/index.html: -1
[2013-08-11 18:39:32] CREATE sparkline.poy.py: 0
[2013-08-11 18:39:37] CREATE sparkline.py: 0
[2013-08-11 18:40:26] DELETE Tank/controllers/sparkline.poy.py: -1
[2013-08-11 18:41:29] EDIT Tank/controllers/sparkline.py: 0
[2013-08-11 18:43:32] EDIT Tank/controllers/default.py: 0
[2013-08-11 18:44:43] EDIT Tank/controllers/default.py: 0
[2013-08-11 18:45:13] EDIT Tank/controllers/default.py: 0
[2013-08-11 18:46:06] EDIT Tank/controllers/default.py: 0
[2013-08-11 18:46:22] EDIT Tank/controllers/default.py: 0
[2013-08-11 18:47:40] DELETE Tank/controllers/sparkline.py: -1
[2013-08-11 18:49:47] EDIT Tank/views/default/index.html: -1
[2013-08-11 18:50:10] EDIT Tank/views/default/index.html: -1
[2013-08-11 18:51:36] EDIT Tank/views/default/index.html: -2
[2013-08-11 18:53:06] EDIT Tank/views/default/index.html: 0
[2013-08-11 18:54:51] EDIT Tank/views/web2py_ajax.html: 0
[2013-08-11 18:58:41] EDIT Tank/views/default/index.html: -16
[2013-08-11 18:58:52] EDIT Tank/views/default/index.html: -4
[2013-08-11 19:02:05] EDIT Tank/controllers/default.py: -21
[2013-08-11 19:09:02] EDIT Tank/controllers/default.py: 0
[2013-08-11 19:09:57] CREATE default/graphs.html: 0
[2013-08-11 19:10:13] EDIT Tank/views/default/graphs.html: 0
[2013-08-11 19:11:13] EDIT Tank/controllers/default.py: 2
[2013-08-11 19:12:35] EDIT Tank/controllers/default.py: -2
[2013-08-11 19:13:53] CREATE graphs.py: 0
[2013-08-11 19:14:03] EDIT Tank/controllers/graphs.py: 0
[2013-08-11 19:15:21] EDIT Tank/controllers/default.py: 2
[2013-08-11 19:15:56] DELETE Tank/controllers/graphs.py: -1
[2013-08-11 19:18:32] EDIT Tank/views/layout.html: -1
[2013-08-11 19:19:36] EDIT Tank/views/layout.html: 1
[2013-08-11 19:20:21] EDIT Tank/models/menu.py: 2
[2013-08-11 19:20:48] EDIT Tank/models/menu.py: 0
[2013-08-11 19:21:02] EDIT Tank/models/menu.py: -1
[2013-08-11 19:21:30] EDIT Tank/models/menu.py: 0
[2013-08-11 19:24:01] UPLOAD /home/www-data/web2py/applications/Tank/static/jquery.flot.js: 2544
[2013-08-11 19:24:52] DELETE Tank/static/jquery.flot.js: -2544
[2013-08-11 19:25:31] UPLOAD /home/www-data/web2py/applications/Tank/static/jquery.flot.js: 2544
[2013-08-11 19:25:59] DELETE Tank/static/jquery.flot.js: -2544
[2013-08-11 19:27:15] UPLOAD /home/www-data/web2py/applications/Tank/static/js/jquery.flot.js: 2544
[2013-08-11 19:29:52] EDIT Tank/views/default/graphs.html: 13
[2013-08-11 19:31:21] EDIT Tank/views/default/graphs.html: 0
[2013-08-11 19:32:44] EDIT Tank/views/default/graphs.html: 2
[2013-08-11 19:34:02] EDIT Tank/views/default/graphs.html: 0
[2013-08-11 19:35:26] EDIT Tank/views/default/graphs.html: 0
[2013-08-11 19:35:53] EDIT Tank/views/default/graphs.html: 0
[2013-08-11 19:41:03] EDIT Tank/views/default/graphs.html: 0
[2013-08-11 19:41:42] EDIT Tank/views/default/graphs.html: 0
[2013-08-11 19:43:49] EDIT Tank/views/default/graphs.html: 0
[2013-08-11 19:44:06] EDIT Tank/views/default/graphs.html: 0
[2013-08-11 19:44:16] EDIT Tank/views/default/graphs.html: 0
[2013-08-11 19:44:47] EDIT Tank/views/default/graphs.html: -2
[2013-08-11 19:47:01] EDIT Tank/views/default/graphs.html: 6
[2013-08-11 19:47:24] EDIT Tank/views/default/graphs.html: 6
[2013-08-11 19:47:54] EDIT Tank/views/default/graphs.html: 1
[2013-08-11 19:48:40] EDIT Tank/views/default/graphs.html: 3
[2013-08-11 19:49:29] EDIT Tank/views/default/graphs.html: -6
[2013-08-11 19:50:42] EDIT Tank/views/default/graphs.html: 20
[2013-08-11 19:51:17] EDIT Tank/views/default/graphs.html: 1
[2013-08-11 19:52:01] EDIT Tank/views/default/graphs.html: 0
[2013-08-11 19:52:17] EDIT Tank/views/default/graphs.html: 1
[2013-08-11 19:55:05] EDIT Tank/views/default/index.html: 7
[2013-08-11 19:56:07] EDIT Tank/views/default/index.html: -4
[2013-08-11 19:57:25] EDIT Tank/views/default/index.html: 3
[2013-08-11 19:57:52] EDIT Tank/views/default/index.html: -1
[2013-08-11 19:58:08] EDIT Tank/views/default/index.html: 0
[2013-08-11 19:58:27] EDIT Tank/views/default/index.html: -1
[2013-08-11 19:59:16] EDIT Tank/views/default/index.html: 0
[2013-08-11 19:59:38] EDIT Tank/views/default/index.html: 0
[2013-08-11 20:01:49] EDIT Tank/views/default/index.html: 2
[2013-08-11 20:03:02] EDIT Tank/views/default/index.html: 0
[2013-08-11 20:03:37] EDIT Tank/views/default/index.html: 0
[2013-08-11 20:24:20] CREATE default/config.html: 0
[2013-08-11 20:24:32] EDIT Tank/views/default/config.html: -1
[2013-08-11 20:24:55] EDIT Tank/controllers/default.py: 2
[2013-08-11 20:26:56] EDIT Tank/models/menu.py: 1
[2013-08-11 20:36:11] EDIT Tank/controllers/default.py: 1
[2013-08-11 20:36:42] EDIT Tank/views/default/config.html: 3
[2013-08-11 20:37:58] EDIT Tank/views/default/index.html: 0
[2013-08-11 20:38:36] EDIT Tank/controllers/default.py: 0
[2013-08-11 20:39:27] EDIT Tank/controllers/default.py: 0
[2013-08-11 20:40:12] EDIT Tank/controllers/default.py: 0
[2013-08-11 20:40:37] EDIT Tank/controllers/default.py: 0
[2013-08-11 20:42:38] EDIT Tank/controllers/default.py: 1
[2013-08-11 20:43:30] EDIT Tank/controllers/default.py: 0
[2013-08-11 20:44:06] EDIT Tank/views/default/config.html: 1
[2013-08-11 20:46:33] EDIT Tank/views/default/index.html: 0
[2013-08-11 20:48:09] CREATE config.py: 0
[2013-08-11 20:50:15] EDIT Tank/models/config.py: 4
[2013-08-11 20:53:05] EDIT Tank/controllers/default.py: 12
[2013-08-11 20:53:24] EDIT Tank/views/default/config.html: 0
[2013-08-11 20:56:04] EDIT Tank/models/config.py: -1
[2013-08-11 20:58:55] EDIT Tank/controllers/default.py: 0
[2013-08-11 21:00:29] EDIT Tank/controllers/default.py: 0
[2013-08-11 21:09:56] EDIT Tank/controllers/default.py: -7
[2013-08-11 21:10:18] EDIT Tank/views/default/config.html: -1
[2013-08-11 21:11:03] EDIT Tank/views/default/config.html: 0
[2013-08-11 21:11:46] EDIT Tank/controllers/default.py: -5
[2013-08-11 21:13:24] EDIT Tank/controllers/default.py: -1
[2013-08-11 21:24:51] EDIT Tank/models/config.py: 0
[2013-08-11 21:26:50] EDIT Tank/models/config.py: 0
[2013-08-11 21:27:44] EDIT Tank/models/db.py: 2
[2013-08-11 21:30:22] EDIT Tank/controllers/default.py: 13
[2013-08-11 21:30:37] EDIT Tank/views/default/config.html: 1
[2013-08-11 21:31:27] EDIT Tank/models/db.py: 0
[2013-08-11 21:32:09] EDIT Tank/models/db.py: 0
[2013-08-11 21:32:49] EDIT Tank/models/db.py: 0
[2013-08-11 21:33:24] EDIT Tank/models/db.py: 0
[2013-08-11 21:33:29] EDIT Tank/models/db.py: 0
[2013-08-11 21:33:51] EDIT Tank/controllers/default.py: 0
[2013-08-11 21:35:59] EDIT Tank/models/db.py: 0
[2013-08-11 21:36:11] EDIT Tank/models/db.py: 1
[2013-08-11 21:36:41] EDIT Tank/models/db.py: 0
[2013-08-11 21:36:43] EDIT Tank/models/db.py: 0
[2013-08-11 21:37:01] EDIT Tank/controllers/default.py: 0
[2013-08-11 21:38:39] EDIT Tank/models/db.py: 0
[2013-08-11 21:39:13] DELETE Tank/models/config.py: -3
[2013-08-11 21:39:48] EDIT Tank/views/default/config.html: -2
[2013-08-11 21:39:56] EDIT Tank/views/default/config.html: -1
[2013-08-11 23:38:14] EDIT Tank/controllers/default.py: 1
[2013-08-11 23:40:03] EDIT Tank/controllers/default.py: 1
[2013-08-11 23:45:56] EDIT Tank/controllers/default.py: 0
[2013-08-11 23:47:07] EDIT Tank/controllers/default.py: 0
[2013-08-11 23:52:21] EDIT Tank/controllers/default.py: -2
[2013-08-11 23:53:40] EDIT Tank/controllers/default.py: 0
[2013-08-11 23:54:03] EDIT Tank/controllers/default.py: 0
[2013-08-11 23:54:50] EDIT Tank/controllers/default.py: 0
[2013-08-12 00:07:13] EDIT Tank/controllers/default.py: 0
[2013-08-12 00:08:39] EDIT Tank/controllers/default.py: 2
[2013-08-12 00:08:43] EDIT Tank/controllers/default.py: 0
[2013-08-12 00:08:45] EDIT Tank/controllers/default.py: 0
[2013-08-12 00:10:28] EDIT Tank/controllers/default.py: 0
[2013-08-12 00:11:36] EDIT Tank/controllers/default.py: -12
[2013-08-12 00:13:05] EDIT Tank/controllers/default.py: 0
[2013-08-12 00:14:15] EDIT Tank/controllers/default.py: 0
[2013-08-12 00:14:40] EDIT Tank/controllers/default.py: 0
[2013-08-12 00:47:10] EDIT Tank/views/default/index.html: 3
[2013-08-12 00:47:34] EDIT Tank/views/default/index.html: 0
[2013-08-12 00:50:11] EDIT Tank/controllers/default.py: 2
[2013-08-12 00:50:42] CREATE default/tempset.load: 0
[2013-08-12 00:51:09] EDIT Tank/views/default/index.html: 0
[2013-08-12 00:51:49] EDIT Tank/views/default/index.html: -2
[2013-08-12 00:52:35] EDIT Tank/controllers/default.py: 1
[2013-08-12 00:53:17] EDIT Tank/controllers/default.py: 3
[2013-08-12 00:53:26] EDIT Tank/controllers/default.py: 0
[2013-08-12 00:54:07] CREATE default/tempset1.load: 0
[2013-08-12 00:54:16] EDIT Tank/views/default/tempset1.load: 0
[2013-08-12 00:55:11] EDIT Tank/views/default/index.html: -1
[2013-08-12 00:55:33] EDIT Tank/views/default/index.html: 0
[2013-08-12 16:40:23] EDIT Tank/controllers/default.py: 1
[2013-08-12 16:40:38] EDIT Tank/controllers/default.py: 0
[2013-08-12 16:42:47] EDIT Tank/controllers/default.py: 0
[2013-08-12 16:43:35] EDIT Tank/controllers/default.py: 1
[2013-08-12 16:45:18] EDIT Tank/controllers/default.py: 0
[2013-08-12 16:45:58] EDIT Tank/controllers/default.py: 0
[2013-08-12 16:48:51] EDIT Tank/controllers/default.py: 0
[2013-08-12 16:50:02] EDIT Tank/controllers/default.py: 0
[2013-08-12 16:50:08] EDIT Tank/controllers/default.py: 0
[2013-08-12 16:51:34] EDIT Tank/controllers/default.py: 0
[2013-08-12 16:52:52] EDIT Tank/controllers/default.py: 0
[2013-08-12 16:53:20] EDIT Tank/controllers/default.py: 0
[2013-08-12 16:56:40] EDIT Tank/controllers/default.py: 3
[2013-08-12 16:57:49] EDIT Tank/controllers/default.py: 0
[2013-08-12 16:57:56] EDIT Tank/controllers/default.py: 0
[2013-08-12 16:58:44] EDIT Tank/controllers/default.py: -4
[2013-08-12 16:58:49] EDIT Tank/controllers/default.py: 0
[2013-08-12 16:59:00] EDIT Tank/controllers/default.py: 0
[2013-08-12 16:59:17] EDIT Tank/controllers/default.py: 0
[2013-08-12 16:59:29] EDIT Tank/controllers/default.py: 0
[2013-08-12 17:02:21] EDIT Tank/views/default/index.html: 10
[2013-08-12 17:05:39] EDIT Tank/views/default/tempset.load: -19
[2013-08-12 17:05:54] EDIT Tank/views/default/tempset1.load: -19
[2013-08-12 17:09:17] EDIT Tank/views/default/index.html: 0
[2013-08-12 17:11:53] EDIT Tank/models/db.py: 0
[2013-08-12 17:12:14] EDIT Tank/models/db.py: 0
[2013-08-12 17:13:04] EDIT Tank/controllers/default.py: 0
[2013-08-12 17:17:07] EDIT Tank/controllers/default.py: 0
[2013-08-12 17:17:26] EDIT Tank/controllers/default.py: 0
[2013-08-12 17:17:49] EDIT Tank/controllers/default.py: 0
[2013-08-12 17:18:23] EDIT Tank/views/default/config.html: 1
[2013-08-12 17:26:24] EDIT Tank/views/default/graphs.html: -7
[2013-08-12 17:28:06] EDIT Tank/views/default/graphs.html: -2
[2013-08-12 17:29:04] EDIT Tank/views/default/graphs.html: 5
[2013-08-12 17:29:40] EDIT Tank/views/default/graphs.html: 1
[2013-08-12 17:30:10] EDIT Tank/views/default/graphs.html: 0
[2013-08-12 17:30:43] EDIT Tank/views/default/graphs.html: 0
[2013-08-12 17:31:26] EDIT Tank/views/default/graphs.html: 0
[2013-08-12 17:32:46] EDIT Tank/views/default/graphs.html: 0
[2013-08-12 17:34:56] EDIT Tank/views/default/graphs.html: 6
[2013-08-12 17:36:43] EDIT Tank/views/default/graphs.html: -2
[2013-08-12 17:37:38] EDIT Tank/views/default/graphs.html: 0
[2013-08-12 17:38:11] EDIT Tank/views/default/graphs.html: 1
[2013-08-12 17:38:14] EDIT Tank/views/default/graphs.html: 0
[2013-08-12 17:39:09] EDIT Tank/views/default/graphs.html: 0
[2013-08-12 17:40:51] EDIT Tank/views/default/graphs.html: 1
[2013-08-12 17:42:33] EDIT Tank/controllers/default.py: 1
[2013-08-12 17:43:01] EDIT Tank/controllers/default.py: 0
[2013-08-12 17:43:11] EDIT Tank/controllers/default.py: 0
[2013-08-12 17:43:32] EDIT Tank/controllers/default.py: -1
[2013-08-12 17:43:38] EDIT Tank/controllers/default.py: 0
[2013-08-12 17:43:48] EDIT Tank/controllers/default.py: 0
[2013-08-12 17:44:21] EDIT Tank/views/default/graphs.html: 0
[2013-08-12 17:45:34] EDIT Tank/views/default/graphs.html: 0
[2013-08-12 17:47:24] EDIT Tank/views/default/graphs.html: -5
[2013-08-12 17:48:29] EDIT Tank/views/default/graphs.html: -1
[2013-08-12 17:49:08] EDIT Tank/views/default/graphs.html: 0
[2013-08-12 17:49:44] EDIT Tank/views/default/graphs.html: 0
[2013-08-12 17:50:03] EDIT Tank/views/default/graphs.html: 0
[2013-08-12 17:51:05] EDIT Tank/views/default/graphs.html: 0
[2013-08-12 17:51:31] EDIT Tank/views/default/graphs.html: 1
[2013-08-12 17:52:36] EDIT Tank/views/default/graphs.html: -8
[2013-08-12 18:03:25] CREATE wtherm.py: 0
[2013-08-12 18:06:39] EDIT Tank/controllers/wtherm.py: 1
[2013-08-12 18:08:10] EDIT Tank/controllers/default.py: 5
[2013-08-12 18:09:05] EDIT Tank/controllers/default.py: 1
[2013-08-12 18:09:32] EDIT Tank/controllers/default.py: -5
[2013-08-12 18:10:18] EDIT Tank/controllers/default.py: 1
[2013-08-12 18:10:52] EDIT Tank/controllers/default.py: 0
[2013-08-12 18:53:18] EDIT Tank/controllers/wtherm.py: 61
[2013-08-12 18:55:47] EDIT Tank/controllers/wtherm.py: -21
[2013-08-12 18:57:10] EDIT Tank/controllers/wtherm.py: -1
[2013-08-12 18:57:17] EDIT Tank/controllers/wtherm.py: 0
[2013-08-12 18:57:22] EDIT Tank/controllers/wtherm.py: 0
[2013-08-12 18:57:28] EDIT Tank/controllers/wtherm.py: 0
[2013-08-12 18:57:36] EDIT Tank/controllers/wtherm.py: 0
[2013-08-12 18:57:49] EDIT Tank/controllers/wtherm.py: 0
[2013-08-12 18:57:58] EDIT Tank/controllers/wtherm.py: 0
[2013-08-12 18:58:03] EDIT Tank/controllers/wtherm.py: 0
[2013-08-12 18:59:20] EDIT Tank/controllers/wtherm.py: 1
[2013-08-12 18:59:27] EDIT Tank/controllers/wtherm.py: 0
[2013-08-12 19:02:57] EDIT Tank/controllers/wtherm.py: 13
[2013-08-12 19:03:13] EDIT Tank/controllers/wtherm.py: 0
[2013-08-12 19:03:24] EDIT Tank/controllers/wtherm.py: 0
[2013-08-12 19:03:32] EDIT Tank/controllers/wtherm.py: 0
[2013-08-12 19:03:42] EDIT Tank/controllers/wtherm.py: 0
[2013-08-12 19:03:46] EDIT Tank/controllers/wtherm.py: 0
[2013-08-12 19:03:49] EDIT Tank/controllers/wtherm.py: 0
[2013-08-12 19:05:07] EDIT Tank/controllers/wtherm.py: -1
[2013-08-12 19:09:04] EDIT Tank/controllers/wtherm.py: 2
[2013-08-12 19:09:42] EDIT Tank/controllers/wtherm.py: 0
[2013-08-12 19:10:18] EDIT Tank/models/db.py: 1
[2013-08-12 19:10:42] EDIT Tank/models/db.py: 0
[2013-08-12 19:14:22] EDIT Tank/controllers/default.py: -13
[2013-08-12 19:19:26] EDIT Tank/controllers/default.py: 0
[2013-08-12 19:20:43] EDIT Tank/cron/crontab: 1
[2013-08-12 19:23:39] EDIT Tank/cron/crontab: 0
[2013-08-12 19:25:21] EDIT Tank/cron/crontab: 0
[2013-08-12 19:28:31] EDIT Tank/controllers/wtherm.py: 0
[2013-08-12 19:32:10] EDIT Tank/cron/crontab: 0
[2013-08-12 19:34:19] EDIT Tank/cron/crontab: 0
[2013-08-12 19:37:14] EDIT Tank/cron/crontab: 0
[2013-08-12 19:39:52] EDIT Tank/controllers/wtherm.py: 0
[2013-08-12 19:49:25] EDIT Tank/cron/crontab: 0
[2013-08-12 21:08:38] EDIT Tank/controllers/default.py: 1
[2013-08-12 21:10:00] EDIT Tank/controllers/default.py: -1
[2013-08-12 21:13:17] EDIT Tank/controllers/wtherm.py: -4
[2013-08-12 21:16:03] EDIT Tank/cron/crontab: 0
[2013-08-12 21:19:26] EDIT Tank/controllers/wtherm.py: 0
[2013-08-12 21:19:38] EDIT Tank/controllers/wtherm.py: 0
[2013-08-12 22:11:39] EDIT Tank/controllers/wtherm.py: -8
[2013-08-12 22:12:42] EDIT Tank/controllers/wtherm.py: 0
[2013-08-12 22:26:07] EDIT Tank/cron/crontab: 0
[2013-08-12 22:34:13] EDIT Tank/cron/crontab: 0
[2013-08-12 22:34:46] EDIT Tank/cron/crontab: 0
[2013-08-12 22:38:20] EDIT Tank/cron/crontab: 0
[2013-08-12 22:43:28] EDIT Tank/controllers/wtherm.py: -20
[2013-08-12 22:45:30] EDIT Tank/controllers/wtherm.py: 0
[2013-08-12 22:46:48] EDIT Tank/cron/crontab: 0
[2013-08-12 22:52:30] EDIT Tank/models/db.py: 0
[2013-08-12 22:55:23] EDIT Tank/models/db.py: 0
[2013-08-12 22:56:26] EDIT Tank/controllers/wtherm.py: -6
[2013-08-12 22:59:33] EDIT Tank/cron/crontab: 0
[2013-08-12 23:04:01] EDIT Tank/controllers/default.py: 8
[2013-08-12 23:05:18] EDIT Tank/controllers/default.py: 0
[2013-08-12 23:05:25] EDIT Tank/controllers/default.py: 0
[2013-08-12 23:07:07] EDIT Tank/controllers/default.py: 0
[2013-08-12 23:08:08] DELETE Tank/controllers/wtherm.py: -18
[2013-08-12 23:09:08] EDIT Tank/cron/crontab: -1
[2013-08-13 17:47:49] EDIT Tank/controllers/default.py: 1
[2013-08-13 17:53:32] EDIT Tank/controllers/default.py: 0
[2013-08-13 17:54:05] EDIT Tank/controllers/default.py: -1
[2013-08-13 17:54:36] CREATE background.py: 0
[2013-08-13 17:54:51] EDIT Tank/controllers/background.py: -1
[2013-08-13 17:55:13] EDIT Tank/controllers/background.py: 1
[2013-08-13 17:56:11] EDIT Tank/controllers/default.py: -12
[2013-08-13 17:58:34] EDIT Tank/controllers/background.py: 10
[2013-08-13 17:59:33] EDIT Tank/controllers/background.py: 2
[2013-08-13 18:01:40] EDIT Tank/cron/crontab: 1
[2013-08-13 18:06:05] EDIT Tank/controllers/default.py: 4
[2013-08-13 19:03:21] EDIT Tank/controllers/background.py: 1
[2013-08-13 19:05:23] EDIT Tank/cron/crontab: 0
[2013-08-13 21:01:14] EDIT Tank/cron/crontab: 0
[2013-08-13 21:39:46] EDIT Tank/cron/crontab: 0
[2013-08-13 21:42:18] UPLOAD /home/pi/web2py/applications/Tank/modules/background.py: 122
[2013-08-13 21:42:33] UPLOAD /home/pi/web2py/applications/Tank/modules/background.py: 122
[2013-08-13 21:42:59] UPLOAD /home/pi/web2py/applications/Tank/modules/background.py: 122
[2013-08-13 21:45:54] EDIT Tank/modules/background.py: -122
[2013-08-13 21:49:15] EDIT Tank/modules/background.py: 17
[2013-08-13 21:51:49] EDIT Tank/modules/background.py: -3
[2013-08-13 21:52:27] DELETE Tank/controllers/background.py: -14
[2013-08-13 21:53:58] EDIT Tank/cron/crontab: 0
[2013-08-13 21:59:52] EDIT Tank/modules/background.py: 3
[2013-08-13 22:35:31] EDIT Tank/modules/background.py: -2
[2013-08-13 22:38:08] EDIT Tank/cron/crontab: 0
[2013-08-13 22:42:41] EDIT Tank/cron/crontab: 0
[2013-08-13 22:46:53] EDIT Tank/cron/crontab: 0
[2013-08-13 22:56:17] EDIT Tank/modules/background.py: 1
[2013-08-13 22:56:35] EDIT Tank/modules/background.py: 0
[2013-08-18 15:23:20] EDIT Tank/modules/background.py: 0
[2013-08-18 15:23:29] EDIT Tank/modules/background.py: 0
[2013-08-18 15:52:52] EDIT Tank/modules/background.py: 1
[2013-08-18 15:53:59] EDIT Tank/modules/background.py: 0
[2013-08-18 18:25:46] EDIT Tank/modules/background.py: 2
[2013-08-18 18:48:13] EDIT Tank/modules/background.py: 0
[2013-08-18 18:50:50] EDIT Tank/controllers/default.py: 0
[2013-08-18 18:52:04] EDIT Tank/modules/background.py: 2
[2013-08-18 19:06:58] EDIT Tank/modules/background.py: 4
[2013-08-18 19:10:47] EDIT Tank/modules/background.py: 1
[2013-08-18 19:17:41] EDIT Tank/modules/background.py: 0
[2013-08-18 19:19:09] EDIT Tank/modules/background.py: 0
[2013-08-18 19:19:33] EDIT Tank/modules/background.py: 0
[2013-08-18 19:23:30] EDIT Tank/modules/background.py: 1
[2013-08-18 19:26:54] EDIT Tank/modules/background.py: 0
[2013-08-18 19:32:40] EDIT Tank/modules/background.py: 1
[2013-08-18 19:37:19] EDIT Tank/modules/background.py: 1
[2013-08-18 19:37:35] EDIT Tank/modules/background.py: 0
[2013-08-18 19:41:11] EDIT Tank/modules/background.py: 0
[2013-08-19 17:13:17] UPLOAD /home/pi/web2py/applications/Tank/static/js/jquery.flot.min.js: 27
[2013-08-19 17:14:25] UPLOAD /home/pi/web2py/applications/Tank/static/js/jquery.flot.time.js: 348
[2013-08-19 17:47:26] EDIT Tank/views/default/graphs.html: 32
[2013-08-19 18:06:33] EDIT Tank/views/default/graphs.html: 29
[2013-08-19 18:08:00] EDIT Tank/views/default/graphs.html: 0
[2013-08-19 18:14:08] UPLOAD /home/pi/web2py/applications/Tank/static/js/jquery.flot.axislabels.js: 858
[2013-08-19 18:15:37] EDIT Tank/views/default/graphs.html: 1
[2013-08-19 18:20:03] EDIT Tank/views/default/graphs.html: -8
[2013-08-19 18:22:13] EDIT Tank/views/default/graphs.html: 0
[2013-08-19 18:25:08] EDIT Tank/views/default/graphs.html: 6
[2013-08-19 18:26:40] EDIT Tank/views/default/graphs.html: -6
[2013-08-19 18:51:20] EDIT Tank/views/default/graphs.html: 1
[2013-08-19 18:53:39] EDIT Tank/views/default/graphs.html: 1
[2013-08-19 18:55:24] EDIT Tank/views/default/graphs.html: -1
[2013-08-19 18:56:00] EDIT Tank/views/default/graphs.html: 0
[2013-08-19 18:56:39] EDIT Tank/views/default/graphs.html: 0
[2013-08-19 18:57:19] EDIT Tank/views/default/graphs.html: -1
[2013-08-19 18:57:48] EDIT Tank/views/default/graphs.html: 1
[2013-08-19 18:58:16] EDIT Tank/views/default/graphs.html: 0
[2013-08-19 18:58:46] EDIT Tank/views/default/graphs.html: 0
[2013-08-19 19:12:57] EDIT Tank/views/default/graphs.html: 2
[2013-08-19 19:18:51] EDIT Tank/views/default/graphs.html: 1
[2013-08-19 19:21:04] EDIT Tank/views/default/graphs.html: 0
[2013-08-19 19:26:10] EDIT Tank/views/default/graphs.html: 0
[2013-08-19 19:32:12] EDIT Tank/views/default/graphs.html: 0
[2013-08-19 19:33:40] EDIT Tank/views/default/graphs.html: 0
[2013-08-19 19:35:43] EDIT Tank/views/default/graphs.html: 1
[2013-08-19 19:36:31] EDIT Tank/views/default/graphs.html: 0
[2013-08-19 19:36:35] EDIT Tank/views/default/graphs.html: 0
[2013-08-19 19:38:00] EDIT Tank/controllers/default.py: 1
[2013-08-19 19:38:47] EDIT Tank/controllers/default.py: -1
[2013-08-19 19:39:29] EDIT Tank/views/default/graphs.html: -2
[2013-08-19 19:47:11] EDIT Tank/views/default/graphs.html: -2
[2013-08-20 20:00:15] EDIT Tank/views/default/index.html: 0
[2013-08-20 20:01:39] EDIT Tank/views/default/index.html: 0
[2013-08-20 20:02:21] EDIT Tank/views/default/index.html: 0
[2013-08-20 20:03:08] EDIT Tank/views/default/index.html: 0
[2013-08-20 20:03:33] EDIT Tank/views/default/index.html: 0
[2013-08-20 20:11:11] EDIT Tank/views/default/index.html: 3
[2013-08-20 20:14:37] EDIT Tank/views/default/index.html: -13
[2013-08-20 20:15:58] EDIT Tank/views/default/index.html: 0
[2013-08-20 20:17:17] EDIT Tank/views/default/index.html: 0
[2013-08-20 20:20:55] EDIT Tank/models/db.py: 1
[2013-08-20 20:24:21] EDIT Tank/modules/background.py: 4
[2013-08-20 20:34:32] EDIT Tank/controllers/default.py: 4
[2013-08-20 20:35:48] CREATE default/heat.load: 0
[2013-08-20 20:36:04] EDIT Tank/views/default/heat.load: 0
[2013-08-20 20:38:09] EDIT Tank/views/default/index.html: 1
[2013-08-20 20:44:03] EDIT Tank/controllers/default.py: 0
[2013-08-20 20:46:43] EDIT Tank/modules/background.py: 0
[2013-08-20 20:49:45] EDIT Tank/modules/background.py: 0
[2013-08-20 20:49:50] EDIT Tank/modules/background.py: 0
[2013-08-20 21:47:02] EDIT Tank/views/default/index.html: 0
[2013-08-20 21:48:15] EDIT Tank/views/default/index.html: 0
[2013-08-20 21:54:38] EDIT Tank/views/default/index.html: 1
[2013-08-20 22:01:28] EDIT Tank/views/default/index.html: -2
[2013-08-20 22:04:26] EDIT Tank/views/default/index.html: -2
[2013-08-20 22:11:08] EDIT Tank/views/default/index.html: 0
[2013-08-20 22:15:30] EDIT Tank/views/default/index.html: 1
[2013-08-20 22:17:57] EDIT Tank/views/default/index.html: 0
[2013-08-20 22:19:33] EDIT Tank/views/default/index.html: 0
[2013-08-20 22:29:54] EDIT Tank/views/default/index.html: 0
[2013-08-20 22:31:28] EDIT Tank/views/default/index.html: 0
[2013-08-20 22:33:10] EDIT Tank/views/default/index.html: 0
[2013-08-20 22:36:25] EDIT Tank/views/default/index.html: 0
[2013-08-20 22:38:53] EDIT Tank/views/default/index.html: 0
[2013-08-20 22:45:29] EDIT Tank/views/default/index.html: 0
[2013-08-20 22:48:22] EDIT Tank/views/default/index.html: 0
[2013-08-20 22:54:15] EDIT Tank/views/default/index.html: 0
[2013-08-20 23:04:43] EDIT Tank/views/default/index.html: 0
[2013-08-20 23:05:37] EDIT Tank/views/default/index.html: 0
[2013-08-20 23:06:17] EDIT Tank/views/default/index.html: 0
[2013-08-20 23:15:45] EDIT Tank/views/default/index.html: 0
[2013-08-20 23:16:35] EDIT Tank/views/default/index.html: 0
[2013-08-20 23:20:01] EDIT Tank/views/default/index.html: 1
[2013-08-20 23:21:10] EDIT Tank/views/default/index.html: 0
[2013-08-20 23:23:28] EDIT Tank/views/default/index.html: 1
[2013-08-20 23:24:25] EDIT Tank/views/default/index.html: 0
[2013-08-20 23:25:16] EDIT Tank/views/default/index.html: 0
[2013-08-20 23:26:08] EDIT Tank/views/default/index.html: 0
[2013-08-20 23:26:54] EDIT Tank/views/default/index.html: 0
[2013-08-20 23:29:41] EDIT Tank/views/default/index.html: 1
[2013-08-20 23:31:25] EDIT Tank/views/default/index.html: 0
[2013-08-20 23:32:06] EDIT Tank/views/default/index.html: 0
[2013-08-20 23:32:56] EDIT Tank/views/default/index.html: 0
[2013-08-20 23:33:37] EDIT Tank/views/default/index.html: 0
[2013-08-20 23:37:31] EDIT Tank/views/default/index.html: 1
[2013-08-20 23:38:47] EDIT Tank/views/default/index.html: 0
[2013-08-20 23:42:12] EDIT Tank/views/default/index.html: 1
[2013-08-20 23:56:13] EDIT Tank/views/default/index.html: 0
[2013-08-21 00:02:12] EDIT Tank/views/default/index.html: 0
[2013-08-21 00:10:56] EDIT Tank/views/default/index.html: 0
[2013-08-21 00:27:25] EDIT Tank/views/layout.html: 1
[2013-08-21 00:30:32] EDIT Tank/views/default/index.html.1: 0
[2013-08-21 00:32:17] EDIT Tank/views/default/index.html: 0
[2013-08-26 16:24:07] EDIT Tank/views/default/graphs.html: 0
[2013-08-26 16:24:55] EDIT Tank/views/default/graphs.html: 0
[2013-08-26 16:25:50] EDIT Tank/views/default/graphs.html: 0
[2013-08-26 16:26:46] EDIT Tank/views/default/graphs.html: 0
[2013-08-26 16:58:10] EDIT Tank/views/default/graphs.html: 0
[2013-08-26 17:00:01] EDIT Tank/views/default/graphs.html: 0
[2013-08-26 17:00:52] EDIT Tank/views/default/graphs.html: 1
[2013-08-26 17:46:15] EDIT Tank/views/default/graphs.html: -1
[2013-08-26 17:48:03] EDIT Tank/controllers/default.py: 1
[2013-08-26 17:52:17] EDIT Tank/controllers/default.py: 1
[2013-08-26 17:53:14] EDIT Tank/controllers/default.py: 0
[2013-08-26 17:54:29] EDIT Tank/controllers/default.py: 0
[2013-08-26 18:11:04] EDIT Tank/controllers/default.py: 1
[2013-08-26 18:11:54] EDIT Tank/controllers/default.py: 0
[2013-08-26 18:13:45] EDIT Tank/controllers/default.py: 0
[2013-08-26 18:25:45] EDIT Tank/controllers/default.py: -1
[2013-08-26 18:45:02] EDIT Tank/controllers/default.py: 1
[2013-08-26 18:45:25] EDIT Tank/controllers/default.py: 0
[2013-08-26 18:46:52] EDIT Tank/controllers/default.py: 1
[2013-08-26 18:53:27] EDIT Tank/controllers/default.py: -2
[2013-08-26 18:55:29] EDIT Tank/controllers/default.py: 2
[2013-08-26 19:05:34] CREATE default/graphdata.load: 0
[2013-08-26 19:05:47] EDIT Tank/views/default/graphdata.load: 0
[2013-08-26 19:12:41] EDIT Tank/views/default/graphs.html: 1
[2013-08-26 19:16:08] EDIT Tank/views/default/graphs.html: 1
[2013-08-26 19:20:18] EDIT Tank/views/default/graphs.html: 2
[2013-08-26 19:22:36] EDIT Tank/views/default/graphs.html: 0
[2013-08-26 19:23:33] EDIT Tank/views/default/graphs.html: 0
[2013-08-26 19:24:54] EDIT Tank/views/default/graphs.html: 0
[2013-08-26 19:29:26] EDIT Tank/views/default/graphs.html: -1
[2013-08-26 19:30:56] EDIT Tank/controllers/default.py: 0
[2013-08-26 19:32:15] EDIT Tank/views/default/graphs.html: 1
[2013-08-26 19:37:46] EDIT Tank/views/default/graphs.html: 0
[2013-08-26 19:38:15] EDIT Tank/views/default/graphs.html: 0
[2013-08-26 19:38:49] EDIT Tank/views/default/graphs.html: 1
[2013-08-26 19:40:53] EDIT Tank/views/default/graphs.html: 0
[2013-08-26 19:43:04] EDIT Tank/views/default/graphs.html: 1
[2013-08-26 19:44:43] EDIT Tank/views/default/graphs.html: 0
[2013-08-26 19:45:52] EDIT Tank/views/default/graphs.html: 0
[2013-08-26 19:48:18] EDIT Tank/views/default/graphs.html: 0
[2013-08-26 19:50:06] EDIT Tank/views/default/graphs.html: 0
[2013-08-26 19:51:11] EDIT Tank/views/default/graphs.html: 0
[2013-08-26 19:51:45] EDIT Tank/views/default/graphs.html: 0
[2013-08-26 19:51:48] EDIT Tank/views/default/graphs.html: 0
[2013-08-26 19:53:40] EDIT Tank/views/default/graphs.html: 0
[2013-08-26 19:58:14] EDIT Tank/views/default/graphs.html: 0
[2013-08-26 19:59:23] EDIT Tank/views/default/graphs.html: -1
[2013-08-26 20:00:49] EDIT Tank/views/default/graphs.html: 0
[2013-08-26 20:01:29] EDIT Tank/views/default/graphs.html: -1
[2013-08-26 20:02:49] EDIT Tank/views/default/graphs.html: 0
[2013-08-26 20:03:43] EDIT Tank/views/default/graphs.html: 0
[2013-08-26 20:05:01] EDIT Tank/views/default/graphs.html: 1
[2013-08-26 20:07:29] EDIT Tank/views/default/graphs.html: 0
[2013-08-26 20:10:25] EDIT Tank/views/default/graphs.html: 1
[2013-08-26 20:16:04] EDIT Tank/views/default/graphs.html: -1
[2013-08-26 20:17:19] EDIT Tank/views/default/graphs.html: 0
[2013-08-26 20:18:26] EDIT Tank/views/default/graphs.html: 0
[2013-08-26 20:19:19] EDIT Tank/views/default/graphs.html: 0
[2013-08-26 20:19:44] EDIT Tank/controllers/default.py: 0
[2013-08-26 20:22:29] EDIT Tank/views/default/graphs.html: 0
[2013-08-26 20:22:57] EDIT Tank/views/default/graphs.html: 0
[2013-08-26 20:23:47] EDIT Tank/views/default/graphs.html: -1
[2013-08-26 20:26:06] EDIT Tank/views/default/graphs.html: 0
[2013-08-26 20:28:25] EDIT Tank/views/default/graphs.html: 0
[2013-08-26 20:30:20] EDIT Tank/views/default/graphs.html: 0
[2013-08-26 20:51:53] EDIT Tank/controllers/default.py: 1
[2013-08-26 20:58:13] EDIT Tank/models/db.py: 0
[2013-08-26 21:04:24] EDIT Tank/models/db.py: 0
[2013-08-26 21:10:44] EDIT Tank/controllers/default.py: 0
[2013-08-26 21:36:28] EDIT Tank/models/db.py: 0
[2013-08-26 21:38:37] EDIT Tank/models/db.py: 0
[2013-08-26 21:45:24] EDIT Tank/models/db.py: 0
[2013-08-26 21:49:20] EDIT Tank/models/db.py: 0
[2013-08-26 21:59:47] EDIT Tank/models/db.py: 0
[2013-08-26 22:04:09] EDIT Tank/models/db.py: 1
[2013-08-26 22:07:21] EDIT Tank/models/0.py: -3
[2013-08-26 22:12:35] EDIT Tank/models/0.py: 3
[2013-08-26 22:38:02] EDIT Tank/models/db.py: 0
[2013-08-26 23:09:09] EDIT Tank/models/db.py: 0
[2013-08-26 23:18:22] EDIT Tank/views/default/graphs.html: 0
[2013-08-26 23:22:22] EDIT Tank/views/default/graphs.html: 0
[2013-08-26 23:24:34] EDIT Tank/views/default/graphs.html: 1
[2013-08-26 23:25:11] EDIT Tank/views/default/graphs.html: 0
[2013-08-26 23:25:51] EDIT Tank/views/default/graphs.html: 0
[2013-08-26 23:26:22] EDIT Tank/views/default/graphs.html: 0
[2013-08-26 23:27:09] EDIT Tank/views/default/graphs.html: 0
